Determining if the pthread_create exist failed with the following output:
Change Dir: /home/jbs/catkin_ws/src/traj_gen/build/CMakeFiles/CMakeTmp

Run Build Command:"/usr/bin/make" "cmTC_da0e2/fast"
/usr/bin/make -f CMakeFiles/cmTC_da0e2.dir/build.make CMakeFiles/cmTC_da0e2.dir/build
make[1]: Entering directory '/home/jbs/catkin_ws/src/traj_gen/build/CMakeFiles/CMakeTmp'
Building C object CMakeFiles/cmTC_da0e2.dir/CheckSymbolExists.c.o
/usr/bin/gcc-5     -o CMakeFiles/cmTC_da0e2.dir/CheckSymbolExists.c.o   -c /home/jbs/catkin_ws/src/traj_gen/build/CMakeFiles/CMakeTmp/CheckSymbolExists.c
Linking C executable cmTC_da0e2
/usr/bin/cmake -E cmake_link_script CMakeFiles/cmTC_da0e2.dir/link.txt --verbose=1
/usr/bin/gcc-5       CMakeFiles/cmTC_da0e2.dir/CheckSymbolExists.c.o  -o cmTC_da0e2 -rdynamic 
CMakeFiles/cmTC_da0e2.dir/CheckSymbolExists.c.o: In function `main':
CheckSymbolExists.c:(.text+0x16): undefined reference to `pthread_create'
collect2: error: ld returned 1 exit status
CMakeFiles/cmTC_da0e2.dir/build.make:97: recipe for target 'cmTC_da0e2' failed
make[1]: *** [cmTC_da0e2] Error 1
make[1]: Leaving directory '/home/jbs/catkin_ws/src/traj_gen/build/CMakeFiles/CMakeTmp'
Makefile:126: recipe for target 'cmTC_da0e2/fast' failed
make: *** [cmTC_da0e2/fast] Error 2

File /home/jbs/catkin_ws/src/traj_gen/build/CMakeFiles/CMakeTmp/CheckSymbolExists.c:
/* */
#include <pthread.h>

int main(int argc, char** argv)
{
  (void)argv;
#ifndef pthread_create
  return ((int*)(&pthread_create))[argc];
#else
  (void)argc;
  return 0;
#endif
}

Determining if the function pthread_create exists in the pthreads failed with the following output:
Change Dir: /home/jbs/catkin_ws/src/traj_gen/build/CMakeFiles/CMakeTmp

Run Build Command:"/usr/bin/make" "cmTC_05e47/fast"
/usr/bin/make -f CMakeFiles/cmTC_05e47.dir/build.make CMakeFiles/cmTC_05e47.dir/build
make[1]: Entering directory '/home/jbs/catkin_ws/src/traj_gen/build/CMakeFiles/CMakeTmp'
Building C object CMakeFiles/cmTC_05e47.dir/CheckFunctionExists.c.o
/usr/bin/gcc-5    -DCHECK_FUNCTION_EXISTS=pthread_create   -o CMakeFiles/cmTC_05e47.dir/CheckFunctionExists.c.o   -c /usr/share/cmake-3.5/Modules/CheckFunctionExists.c
Linking C executable cmTC_05e47
/usr/bin/cmake -E cmake_link_script CMakeFiles/cmTC_05e47.dir/link.txt --verbose=1
/usr/bin/gcc-5   -DCHECK_FUNCTION_EXISTS=pthread_create    CMakeFiles/cmTC_05e47.dir/CheckFunctionExists.c.o  -o cmTC_05e47 -rdynamic -lpthreads 
/usr/bin/ld: cannot find -lpthreads
collect2: error: ld returned 1 exit status
CMakeFiles/cmTC_05e47.dir/build.make:97: recipe for target 'cmTC_05e47' failed
make[1]: *** [cmTC_05e47] Error 1
make[1]: Leaving directory '/home/jbs/catkin_ws/src/traj_gen/build/CMakeFiles/CMakeTmp'
Makefile:126: recipe for target 'cmTC_05e47/fast' failed
make: *** [cmTC_05e47/fast] Error 2


Determining if the Q_WS_WIN exist failed with the following output:
Change Dir: /home/jbs/catkin_ws/src/traj_gen/build/CMakeFiles/CMakeTmp

Run Build Command:"/usr/bin/make" "cmTC_076a7/fast"
/usr/bin/make -f CMakeFiles/cmTC_076a7.dir/build.make CMakeFiles/cmTC_076a7.dir/build
make[1]: Entering directory '/home/jbs/catkin_ws/src/traj_gen/build/CMakeFiles/CMakeTmp'
Building CXX object CMakeFiles/cmTC_076a7.dir/CheckSymbolExists.cxx.o
/usr/bin/g++-5    -I/usr/include/qt4   -o CMakeFiles/cmTC_076a7.dir/CheckSymbolExists.cxx.o -c /home/jbs/catkin_ws/src/traj_gen/build/CMakeFiles/CMakeTmp/CheckSymbolExists.cxx
/home/jbs/catkin_ws/src/traj_gen/build/CMakeFiles/CMakeTmp/CheckSymbolExists.cxx: In function ‘int main(int, char**)’:
/home/jbs/catkin_ws/src/traj_gen/build/CMakeFiles/CMakeTmp/CheckSymbolExists.cxx:8:19: error: ‘Q_WS_WIN’ was not declared in this scope
   return ((int*)(&Q_WS_WIN))[argc];
                   ^
CMakeFiles/cmTC_076a7.dir/build.make:65: recipe for target 'CMakeFiles/cmTC_076a7.dir/CheckSymbolExists.cxx.o' failed
make[1]: *** [CMakeFiles/cmTC_076a7.dir/CheckSymbolExists.cxx.o] Error 1
make[1]: Leaving directory '/home/jbs/catkin_ws/src/traj_gen/build/CMakeFiles/CMakeTmp'
Makefile:126: recipe for target 'cmTC_076a7/fast' failed
make: *** [cmTC_076a7/fast] Error 2

File /home/jbs/catkin_ws/src/traj_gen/build/CMakeFiles/CMakeTmp/CheckSymbolExists.cxx:
/* */
#include <QtCore/qglobal.h>

int main(int argc, char** argv)
{
  (void)argv;
#ifndef Q_WS_WIN
  return ((int*)(&Q_WS_WIN))[argc];
#else
  (void)argc;
  return 0;
#endif
}

Determining if the Q_WS_QWS exist failed with the following output:
Change Dir: /home/jbs/catkin_ws/src/traj_gen/build/CMakeFiles/CMakeTmp

Run Build Command:"/usr/bin/make" "cmTC_d6e34/fast"
/usr/bin/make -f CMakeFiles/cmTC_d6e34.dir/build.make CMakeFiles/cmTC_d6e34.dir/build
make[1]: Entering directory '/home/jbs/catkin_ws/src/traj_gen/build/CMakeFiles/CMakeTmp'
Building CXX object CMakeFiles/cmTC_d6e34.dir/CheckSymbolExists.cxx.o
/usr/bin/g++-5    -I/usr/include/qt4   -o CMakeFiles/cmTC_d6e34.dir/CheckSymbolExists.cxx.o -c /home/jbs/catkin_ws/src/traj_gen/build/CMakeFiles/CMakeTmp/CheckSymbolExists.cxx
/home/jbs/catkin_ws/src/traj_gen/build/CMakeFiles/CMakeTmp/CheckSymbolExists.cxx: In function ‘int main(int, char**)’:
/home/jbs/catkin_ws/src/traj_gen/build/CMakeFiles/CMakeTmp/CheckSymbolExists.cxx:8:19: error: ‘Q_WS_QWS’ was not declared in this scope
   return ((int*)(&Q_WS_QWS))[argc];
                   ^
CMakeFiles/cmTC_d6e34.dir/build.make:65: recipe for target 'CMakeFiles/cmTC_d6e34.dir/CheckSymbolExists.cxx.o' failed
make[1]: *** [CMakeFiles/cmTC_d6e34.dir/CheckSymbolExists.cxx.o] Error 1
make[1]: Leaving directory '/home/jbs/catkin_ws/src/traj_gen/build/CMakeFiles/CMakeTmp'
Makefile:126: recipe for target 'cmTC_d6e34/fast' failed
make: *** [cmTC_d6e34/fast] Error 2

File /home/jbs/catkin_ws/src/traj_gen/build/CMakeFiles/CMakeTmp/CheckSymbolExists.cxx:
/* */
#include <QtCore/qglobal.h>

int main(int argc, char** argv)
{
  (void)argv;
#ifndef Q_WS_QWS
  return ((int*)(&Q_WS_QWS))[argc];
#else
  (void)argc;
  return 0;
#endif
}

Determining if the Q_WS_MAC exist failed with the following output:
Change Dir: /home/jbs/catkin_ws/src/traj_gen/build/CMakeFiles/CMakeTmp

Run Build Command:"/usr/bin/make" "cmTC_08ab2/fast"
/usr/bin/make -f CMakeFiles/cmTC_08ab2.dir/build.make CMakeFiles/cmTC_08ab2.dir/build
make[1]: Entering directory '/home/jbs/catkin_ws/src/traj_gen/build/CMakeFiles/CMakeTmp'
Building CXX object CMakeFiles/cmTC_08ab2.dir/CheckSymbolExists.cxx.o
/usr/bin/g++-5    -I/usr/include/qt4   -o CMakeFiles/cmTC_08ab2.dir/CheckSymbolExists.cxx.o -c /home/jbs/catkin_ws/src/traj_gen/build/CMakeFiles/CMakeTmp/CheckSymbolExists.cxx
/home/jbs/catkin_ws/src/traj_gen/build/CMakeFiles/CMakeTmp/CheckSymbolExists.cxx: In function ‘int main(int, char**)’:
/home/jbs/catkin_ws/src/traj_gen/build/CMakeFiles/CMakeTmp/CheckSymbolExists.cxx:8:19: error: ‘Q_WS_MAC’ was not declared in this scope
   return ((int*)(&Q_WS_MAC))[argc];
                   ^
CMakeFiles/cmTC_08ab2.dir/build.make:65: recipe for target 'CMakeFiles/cmTC_08ab2.dir/CheckSymbolExists.cxx.o' failed
make[1]: *** [CMakeFiles/cmTC_08ab2.dir/CheckSymbolExists.cxx.o] Error 1
make[1]: Leaving directory '/home/jbs/catkin_ws/src/traj_gen/build/CMakeFiles/CMakeTmp'
Makefile:126: recipe for target 'cmTC_08ab2/fast' failed
make: *** [cmTC_08ab2/fast] Error 2

File /home/jbs/catkin_ws/src/traj_gen/build/CMakeFiles/CMakeTmp/CheckSymbolExists.cxx:
/* */
#include <QtCore/qglobal.h>

int main(int argc, char** argv)
{
  (void)argv;
#ifndef Q_WS_MAC
  return ((int*)(&Q_WS_MAC))[argc];
#else
  (void)argc;
  return 0;
#endif
}

